Log file open, 10/21/17 14:15:29
LogInit:Display: Running engine for game: SimplePackage
LogPlatformFile: Not using cached read wrapper
LogInit:Display: RandInit(-692441969) SRandInit(-692441969).
LogTaskGraph: Started task graph with 5 named threads and 8 total threads with 1 sets of task threads.
LogStats: Stats thread started at 0.066526
LogInit: Using libcurl 7.47.1
LogInit:  - built for x86_64-pc-win32
LogInit:  - supports SSL with OpenSSL/1.0.2g
LogInit:  - supports HTTP deflate (compression) using libz 1.2.8
LogInit:  - other features:
LogInit:      CURL_VERSION_SSL
LogInit:      CURL_VERSION_LIBZ
LogInit:      CURL_VERSION_IPV6
LogInit:      CURL_VERSION_ASYNCHDNS
LogInit:      CURL_VERSION_LARGEFILE
LogInit:      CURL_VERSION_IDN
LogInit:  CurlRequestOptions (configurable via config and command line):
LogInit:  - bVerifyPeer = false  - Libcurl will NOT verify peer certificate
LogInit:  - bUseHttpProxy = false  - Libcurl will NOT use HTTP proxy
LogInit:  - bDontReuseConnections = false  - Libcurl will reuse connections
LogInit:  - CertBundlePath = nullptr  - Libcurl will use whatever was configured at build time.
LogInit: Build: ++UE4+Release-4.15-CL-3450819
LogInit: Engine Version: 4.15.3-3450819+++UE4+Release-4.15
LogInit: Compatible Engine Version: 4.15.0-3299760+++UE4+Release-4.15
LogInit: Net CL: 3299760
LogDevObjectVersion: Number of dev versions registered: 14
LogDevObjectVersion:   Dev-Blueprints (B0D832E4-1F89-4F0D-ACCF-7EB736FD4AA2): 8
LogDevObjectVersion:   Dev-Build (E1C64328-A22C-4D53-A36C-8E866417BD8C): 0
LogDevObjectVersion:   Dev-Core (375EC13C-06E4-48FB-B500-84F0262A717E): 2
LogDevObjectVersion:   Dev-Editor (E4B068ED-F494-42E9-A231-DA0B2E46BB41): 14
LogDevObjectVersion:   Dev-Framework (CFFC743F-43B0-4480-9391-14DF171D2073): 22
LogDevObjectVersion:   Dev-Mobile (B02B49B5-BB20-44E9-A304-32B752E40360): 0
LogDevObjectVersion:   Dev-Networking (A4E4105C-59A1-49B5-A7C5-40C4547EDFEE): 0
LogDevObjectVersion:   Dev-Online (39C831C9-5AE6-47DC-9A44-9C173E1C8E7C): 0
LogDevObjectVersion:   Dev-Physics (78F01B33-EBEA-4F98-B9B4-84EACCB95AA2): 0
LogDevObjectVersion:   Dev-Platform (6631380F-2D4D-43E0-8009-CF276956A95A): 0
LogDevObjectVersion:   Dev-Rendering (12F88B9F-8875-4AFC-A67C-D90C383ABD29): 12
LogDevObjectVersion:   Dev-Sequencer (7B5AE74C-D270-4C10-A958-57980B212A5A): 3
LogDevObjectVersion:   Dev-VR (D7296918-1DD6-4BDD-9DE2-64A83CC13884): 0
LogDevObjectVersion:   Dev-LoadTimes (C2A15278-BFE7-4AFE-6C17-90FF531DF755): 1
LogInit: Compiled (64-bit): May 21 2017 11:02:34
LogInit: Compiled with Visual C++: 19.00.23026.00
LogInit: Build Configuration: Development
LogInit: Branch Name: ++UE4+Release-4.15
LogInit: Command line:  
LogInit: Base directory: C:/Program Files/UE_4.15/Engine/Binaries/Win64/
LogInit: Installed Engine Build: 1
LogInit: Presizing for max 8388607 objects, including 0 objects not considered by GC, pre-allocating 0 bytes for permanent pool.
LogInit: Object subsystem initialized
[2017.10.21-06.15.30:355][  0]LogInit: Selected Device Profile: [Windows]
[2017.10.21-06.15.30:355][  0]LogInit: Applying CVar settings loaded from the selected device profile: [Windows]
[2017.10.21-06.15.30:362][  0]LogInit: Computer: USER-PC
[2017.10.21-06.15.30:362][  0]LogInit: User: User
[2017.10.21-06.15.30:362][  0]LogInit: CPU Page size=65536, Cores=4
[2017.10.21-06.15.30:362][  0]LogInit: High frequency timer resolution =3.328281 MHz
[2017.10.21-06.15.30:362][  0]LogMemory: Memory total: Physical=15.9GB (16GB approx)
[2017.10.21-06.15.30:362][  0]LogMemory: Platform Memory Stats for Windows
[2017.10.21-06.15.30:362][  0]LogMemory: Process Physical Memory: 265.20 MB used, 265.20 MB peak
[2017.10.21-06.15.30:362][  0]LogMemory: Process Virtual Memory: 265.03 MB used, 265.03 MB peak
[2017.10.21-06.15.30:362][  0]LogMemory: Physical Memory: 6699.75 MB used,  9619.88 MB free, 16319.63 MB total
[2017.10.21-06.15.30:362][  0]LogMemory: Virtual Memory: 631.72 MB used,  9619.88 MB free, 8388608.00 MB total
[2017.10.21-06.15.30:438][  0]LogInit: Overriding culture en with editor configuration.
[2017.10.21-06.15.30:772][  0]LogWindowsTextInputMethodSystem:Display: IME system now activated using IMM (搜狗拼音输入).
[2017.10.21-06.15.30:982][  0]LogD3D11RHI: D3D11 adapters:
[2017.10.21-06.15.31:009][  0]LogD3D11RHI:    0. 'NVIDIA GeForce GTX 1060 6GB' (Feature Level 11_0)
[2017.10.21-06.15.31:009][  0]LogD3D11RHI:       6045/0/7903 MB DedicatedVideo/DedicatedSystem/SharedSystem, Outputs:2, VendorId:0x10de
[2017.10.21-06.15.31:009][  0]LogD3D11RHI: Chosen D3D11 Adapter: 0
[2017.10.21-06.15.31:014][  0]LogD3D11RHI: Creating new Direct3DDevice
[2017.10.21-06.15.31:014][  0]LogD3D11RHI:     GPU DeviceId: 0x1c03 (for the marketing name, search the web for "GPU Device Id")
[2017.10.21-06.15.31:014][  0]LogWindows: EnumDisplayDevices:
[2017.10.21-06.15.31:014][  0]LogWindows:    0. 'NVIDIA GeForce GTX 1060 6GB' (P:0 D:1)
[2017.10.21-06.15.31:014][  0]LogWindows:    1. 'NVIDIA GeForce GTX 1060 6GB' (P:1 D:1)
[2017.10.21-06.15.31:014][  0]LogWindows:    2. 'NVIDIA GeForce GTX 1060 6GB' (P:0 D:0)
[2017.10.21-06.15.31:015][  0]LogWindows:    3. 'NVIDIA GeForce GTX 1060 6GB' (P:0 D:0)
[2017.10.21-06.15.31:015][  0]LogWindows:    4. 'RDPDD Chained DD' (P:0 D:0)
[2017.10.21-06.15.31:015][  0]LogWindows:    5. 'RDP Encoder Mirror Driver' (P:0 D:0)
[2017.10.21-06.15.31:015][  0]LogWindows:    6. 'RDP Reflector Display Driver' (P:0 D:0)
[2017.10.21-06.15.31:015][  0]LogWindows: DebugString: GetVideoDriverDetailsInvalid PrimaryIsNotTheChoosenAdapter GetVideoDriverDetailsInvalid PrimaryIsNotTheChoosenAdapter GetVideoDriverDetailsInvalid PrimaryIsNotTheChoosenAdapter FoundDriverCount:4 
[2017.10.21-06.15.31:015][  0]LogD3D11RHI:     Adapter Name: NVIDIA GeForce GTX 1060 6GB
[2017.10.21-06.15.31:015][  0]LogD3D11RHI:   Driver Version: 372.54 (internal:21.21.13.7254, unified:372.54)
[2017.10.21-06.15.31:015][  0]LogD3D11RHI:      Driver Date: 8-11-2016
[2017.10.21-06.15.31:015][  0]LogRHI: Texture pool is 1361 MB (70% of 1945 MB)
[2017.10.21-06.15.31:025][  0]LogD3D11RHI: Async texture creation enabled
[2017.10.21-06.15.31:038][  0]LogD3D11RHI: GPU Timing Frequency: 1000.000000 (Debug: 2 2)
[2017.10.21-06.15.31:140][  0]LogShaderCompilers: Guid format shader working directory is 9 characters bigger than the processId version (D:/UE/UESimplePackage/SimplePackage/Intermediate/Shaders/WorkingDirectory/12064/).
[2017.10.21-06.15.31:140][  0]LogShaderCompilers: Cleaned the shader compiler working directory 'C:/Users/User/AppData/Local/Temp/UnrealShaderWorkingDir/12EDFB0047A0C95DC3339D973B4DCA49/'.
[2017.10.21-06.15.31:140][  0]LogShaderCompilers:Display: Using Local Shader Compiler.
[2017.10.21-06.15.32:447][  0]LogTemp:Display: Loaded TP AllDesktopTargetPlatform
[2017.10.21-06.15.32:498][  0]LogTemp:Display: Loaded TP MacClientTargetPlatform
[2017.10.21-06.15.32:548][  0]LogTemp:Display: Loaded TP MacNoEditorTargetPlatform
[2017.10.21-06.15.32:599][  0]LogTemp:Display: Loaded TP MacServerTargetPlatform
[2017.10.21-06.15.32:658][  0]LogTemp:Display: Loaded TP MacTargetPlatform
[2017.10.21-06.15.32:704][  0]LogTemp:Display: Loaded TP WindowsClientTargetPlatform
[2017.10.21-06.15.32:747][  0]LogTemp:Display: Loaded TP WindowsNoEditorTargetPlatform
[2017.10.21-06.15.32:792][  0]LogTemp:Display: Loaded TP WindowsServerTargetPlatform
[2017.10.21-06.15.32:828][  0]LogTemp:Display: Loaded TP WindowsTargetPlatform
[2017.10.21-06.15.32:873][  0]LogTemp:Display: Loaded TP AndroidTargetPlatform
[2017.10.21-06.15.32:923][  0]LogTemp:Display: Loaded TP Android_ASTCTargetPlatform
[2017.10.21-06.15.32:978][  0]LogTemp:Display: Loaded TP Android_ATCTargetPlatform
[2017.10.21-06.15.33:021][  0]LogTemp:Display: Loaded TP Android_DXTTargetPlatform
[2017.10.21-06.15.33:063][  0]LogTemp:Display: Loaded TP Android_ETC1TargetPlatform
[2017.10.21-06.15.33:111][  0]LogTemp:Display: Loaded TP Android_ETC2TargetPlatform
[2017.10.21-06.15.33:211][  0]LogTemp:Display: Loaded TP Android_MultiTargetPlatform
[2017.10.21-06.15.33:211][  0]LogTemp:Display: Loaded TP Android_PVRTCTargetPlatform
[2017.10.21-06.15.33:240][  0]LogTemp:Display: Loaded TP HTML5TargetPlatform
[2017.10.21-06.15.33:321][  0]LogTemp:Display: Loaded TP IOSTargetPlatform
[2017.10.21-06.15.33:352][  0]LogTemp:Display: Loaded TP TVOSTargetPlatform
[2017.10.21-06.15.33:400][  0]LogTemp:Display: Loaded TP LinuxClientTargetPlatform
[2017.10.21-06.15.33:445][  0]LogTemp:Display: Loaded TP LinuxNoEditorTargetPlatform
[2017.10.21-06.15.33:490][  0]LogTemp:Display: Loaded TP LinuxServerTargetPlatform
[2017.10.21-06.15.33:539][  0]LogTemp:Display: Loaded TP LinuxTargetPlatform
[2017.10.21-06.15.33:539][  0]LogTargetPlatformManager:Display: Building Assets For Windows
[2017.10.21-06.15.33:844][  0]LogDerivedDataCache:Display: Max Cache Size: 512 MB
[2017.10.21-06.15.33:900][  0]LogDerivedDataCache: Loaded boot cache 0.06s 50MB C:/Users/User/AppData/Local/UnrealEngine/4.15/DerivedDataCache/Boot.ddc.
[2017.10.21-06.15.33:901][  0]LogDerivedDataCache:Display: Loaded Boot cache: C:/Users/User/AppData/Local/UnrealEngine/4.15/DerivedDataCache/Boot.ddc
[2017.10.21-06.15.33:901][  0]LogDerivedDataCache: FDerivedDataBackendGraph:  Pak pak cache file D:/UE/UESimplePackage/SimplePackage/DerivedDataCache/DDC.ddp not found, will not use a pak cache.
[2017.10.21-06.15.33:901][  0]LogDerivedDataCache: Unable to find inner node Pak for hierarchical cache Hierarchy.
[2017.10.21-06.15.33:901][  0]LogDerivedDataCache: FDerivedDataBackendGraph:  CompressedPak pak cache file D:/UE/UESimplePackage/SimplePackage/DerivedDataCache/Compressed.ddp not found, will not use a pak cache.
[2017.10.21-06.15.33:901][  0]LogDerivedDataCache: Unable to find inner node CompressedPak for hierarchical cache Hierarchy.
[2017.10.21-06.15.33:919][  0]LogDerivedDataCache:Display: Pak cache opened for reading ../../../Engine/DerivedDataCache/Compressed.ddp.
[2017.10.21-06.15.33:932][  0]LogDerivedDataCache: Using Local data cache path C:/Users/User/AppData/Local/UnrealEngine/Common/DerivedDataCache: Writable
[2017.10.21-06.15.33:941][  0]LogSlate: Using Freetype 2.6.0
[2017.10.21-06.15.33:942][  0]LogSlate: SlateFontCache - WITH_FREETYPE: 1, WITH_HARFBUZZ: 1
[2017.10.21-06.15.33:942][  0]LogSlate: SlateFontCache - WITH_FREETYPE: 1, WITH_HARFBUZZ: 1
[2017.10.21-06.15.34:189][  0]LogInit: Selected Device Profile: [Windows]
[2017.10.21-06.15.34:191][  0]LogContentStreaming: Texture pool size is 0.00 MB
[2017.10.21-06.15.34:381][  0]LogMeshUtilities: Using QuadricMeshReduction for automatic static mesh reduction
[2017.10.21-06.15.34:414][  0]LogSimplygon: Simplygon DLL not present - disabling.
[2017.10.21-06.15.34:449][  0]LogMeshUtilities: Using SimplygonSwarm for distributed automatic mesh merging
[2017.10.21-06.15.34:449][  0]LogMeshUtilities: No automatic skeletal mesh reduction module available
[2017.10.21-06.15.34:449][  0]LogMeshUtilities: No automatic mesh merging module available
[2017.10.21-06.15.34:965][  0]LogNetVersion: GetLocalNetworkVersion: CL: 3299760, ProjectName: simplepackage, ProjectVersion: , EngineNetworkVersion: 2, GameNetworkVersion: 0, NetworkChecksum: 4156989846
[2017.10.21-06.15.35:002][  0]LogAssetRegistry: FAssetRegistry took 0.0198 seconds to start up
[2017.10.21-06.15.35:037][  0]LogPackageLocalizationCache: Processed 3 localized package path(s) for 1 prioritized culture(s) in 0.013986 seconds
[2017.10.21-06.15.35:044][  0]LogUObjectArray: 32493 objects as part of root set at end of initial load.
[2017.10.21-06.15.35:044][  0]LogUObjectAllocator: 7077024 out of 0 bytes used by permanent object pool.
[2017.10.21-06.15.35:044][  0]LogUObjectArray: CloseDisregardForGC: 0/0 objects in disregard for GC pool
[2017.10.21-06.15.35:090][  0]LogInit: WinSock: version 1.1 (2.2), MaxSocks=32767, MaxUdp=65467
[2017.10.21-06.15.36:330][  0]LogTcpMessaging: Initializing TcpMessaging bridge
[2017.10.21-06.15.36:359][  0]LogUdpMessaging: Initializing bridge on interface 0.0.0.0:0 to multicast group 230.0.0.1:6666.
[2017.10.21-06.15.36:740][  0]LogMaterial: Uniform references updated for custom material expression Custom.
[2017.10.21-06.15.37:049][  0]SourceControl: Info Source control is disabled
[2017.10.21-06.15.37:057][  0]SourceControl: Info Source control is disabled
[2017.10.21-06.15.37:091][  0]SourceControl: Info Source control is disabled
[2017.10.21-06.15.37:122][  0]SourceControl: Info Source control is disabled
[2017.10.21-06.15.38:051][  0]LogEngine: Initializing Engine...
[2017.10.21-06.15.38:052][  0]LogHMD: Failed to initialize OpenVR with code 110
[2017.10.21-06.15.38:167][  0]LogStats: UGameplayTagsManager::ConstructGameplayTagTree: Construct from data asset -  0.000 s
[2017.10.21-06.15.38:167][  0]LogStats: UGameplayTagsManager::ConstructGameplayTagTree: GameplayTagTreeChangedEvent.Broadcast -  0.000 s
[2017.10.21-06.15.38:268][  0]LogAIModule: Creating AISystem for world Untitled
[2017.10.21-06.15.38:285][  0]LogInit: XAudio2 using '扬声器 (Realtek High Definition Audio)' : 2 channels at 48 kHz using 32 bits per sample (channel mask 0x3)
[2017.10.21-06.15.38:302][  0]LogInit: FAudioDevice initialized.
[2017.10.21-06.15.38:335][  0]LogDerivedDataCache: Saved boot cache 0.03s 50MB C:/Users/User/AppData/Local/UnrealEngine/4.15/DerivedDataCache/Boot.ddc.
[2017.10.21-06.15.38:345][  0]LogInit: Texture streaming: Enabled
[2017.10.21-06.15.38:417][  0]LogEngineSessionManager: EngineSessionManager initialized
[2017.10.21-06.15.38:504][  0]LogInit: Transaction tracking system initialized
[2017.10.21-06.15.38:781][  0]BlueprintLog: New page: Editor Load
[2017.10.21-06.15.39:491][  0]LocalizationService: Info Localization service is disabled
[2017.10.21-06.15.40:012][  0]LogConsoleResponse:Display: 
[2017.10.21-06.15.40:124][  0]LogCook:Display: Max memory allowance for cook 16384mb min free memory 0mb
[2017.10.21-06.15.40:124][  0]LogCook:Display: Mobile HDR setting 1
[2017.10.21-06.15.40:161][  0]LogFileCache: Scanning file cache for directory 'D:/UE/UESimplePackage/SimplePackage/Content/' took 0.01s
[2017.10.21-06.15.40:933][  0]SourceControl: Info Source control is disabled
[2017.10.21-06.15.40:934][  0]Cmd: MAP LOAD FILE="D:/UE/UESimplePackage/SimplePackage/Content/ThirdPersonBP/Maps/ThirdPersonExampleMap.umap" TEMPLATE=0 SHOWPROGRESS=1 FEATURELEVEL=3
[2017.10.21-06.15.40:934][  0]LightingResults: New page: Lighting Build
[2017.10.21-06.15.40:966][  0]MapCheck: New page: Map Check
[2017.10.21-06.15.40:967][  0]LightingResults: New page: Lighting Build
[2017.10.21-06.15.41:340][  0]LogAIModule: Creating AISystem for world ThirdPersonExampleMap
[2017.10.21-06.15.41:363][  0]LogEditorServer: Finished looking for orphan Actors (0.000 secs)
[2017.10.21-06.15.41:364][  0]Cmd: MAP CHECKDEP NOCLEARLOG
[2017.10.21-06.15.41:389][  0]MapCheck: Info Map check complete: 0 Error(s), 0 Warning(s), took 25.066ms to complete.
[2017.10.21-06.15.41:389][  0]LogFileHelpers: Loading map 'ThirdPersonExampleMap' took 0.455
[2017.10.21-06.15.41:551][  0]LogCollectionManager: Loaded 0 collections in 0.000793 seconds
[2017.10.21-06.15.41:625][  0]LogFileCache: Scanning file cache for directory 'D:/UE/UESimplePackage/SimplePackage/Saved/Collections/' took 0.01s
[2017.10.21-06.15.41:625][  0]LogFileCache: Scanning file cache for directory 'D:/UE/UESimplePackage/SimplePackage/Content/Developers/User/Collections/' took 0.01s
[2017.10.21-06.15.41:625][  0]LogFileCache: Scanning file cache for directory 'D:/UE/UESimplePackage/SimplePackage/Content/Collections/' took 0.01s
[2017.10.21-06.15.41:625][  0]LogCollectionManager: Rebuilt the GUID cache for 0 collections in 0.000001 seconds
[2017.10.21-06.15.41:632][  0]LogContentBrowser: Native class hierarchy populated in 0.0068 seconds. Added 2245 classes and 453 folders.
[2017.10.21-06.15.41:678][  0]LogContentBrowser: Native class hierarchy updated for 'WidgetCarousel' in 0.0004 seconds. Added 0 classes and 0 folders.
[2017.10.21-06.15.41:704][  0]LogContentBrowser: Native class hierarchy updated for 'AddContentDialog' in 0.0004 seconds. Added 0 classes and 0 folders.
[2017.10.21-06.15.41:804][  0]LogContentBrowser: Native class hierarchy updated for 'SceneOutliner' in 0.0004 seconds. Added 1 classes and 2 folders.
[2017.10.21-06.15.41:841][  0]LogCrashTracker: Crashtracker disabled due to settings.
[2017.10.21-06.15.41:848][  0]LogUObjectGlobals:Warning: Failed to find object 'Class None.'
[2017.10.21-06.15.41:899][  0]LogContentBrowser: Native class hierarchy updated for 'HierarchicalLODOutliner' in 0.0005 seconds. Added 1 classes and 2 folders.
[2017.10.21-06.15.41:899][  0]LogLoad: (Engine Initialization) Total time: 13.33 seconds
[2017.10.21-06.15.41:899][  0]LogLoad: (Engine Initialization) Total Blueprint compile time: 0.13 seconds
[2017.10.21-06.15.41:899][  0]LogExternalProfiler: No external profilers were discovered.  External profiling features will not be available.
[2017.10.21-06.15.41:910][  0]LogOcInput: OculusInput pre-init called
[2017.10.21-06.15.41:930][  0]LogContentStreaming: Texture pool size now 1000 MB
[2017.10.21-06.15.41:931][  0]LogSlate: Took 0.000208 seconds to synchronously load lazily loaded font '../../../Engine/Content/Slate/Fonts/Roboto-Regular.ttf' (155K)
[2017.10.21-06.15.41:935][  0]LogSlate: Took 0.000105 seconds to synchronously load lazily loaded font '../../../Engine/Content/Slate/Fonts/Roboto-Bold.ttf' (160K)
[2017.10.21-06.15.41:936][  0]LogSlate: Took 0.000093 seconds to synchronously load lazily loaded font '../../../Engine/Content/Editor/Slate/Fonts/FontAwesome.ttf' (139K)
[2017.10.21-06.15.42:087][  0]LogRenderer: Reallocating scene render targets to support 1588x1284 NumSamples 1 (Frame:2).
[2017.10.21-06.15.42:156][  1]LogAssetRegistry: Asset discovery search completed in 7.1743 seconds
[2017.10.21-06.15.42:156][  1]LogCollectionManager: Rebuilt the object cache for 0 collections in 0.000006 seconds (found 0 objects)
[2017.10.21-06.15.42:156][  1]LogCollectionManager: Fixed up redirectors for 0 collections in 0.000019 seconds (updated 0 objects)
[2017.10.21-06.15.42:363][ 16]LogHttp:Warning: 0000000049592E00: request has been successfully processed. URL: http://cdn.unrealengine.com/surveys/en/index.json, HTTP code: 503, content length: 138, actual payload size: 138
[2017.10.21-06.15.42:363][ 16]LogHttp:Warning: 0000000049592E00 Response Header Connection: close
[2017.10.21-06.15.42:363][ 16]LogHttp:Warning: 0000000049592E00 Response Header Server: V2R2C00-IAE/1.0
[2017.10.21-06.15.42:363][ 16]LogHttp:Warning: 0000000049592E00 Response Header Cache-Control: no-cache, no-store
[2017.10.21-06.15.42:363][ 16]LogHttp:Warning: 0000000049592E00 Response Header Content-Type: text/html
[2017.10.21-06.15.42:363][ 16]LogHttp:Warning: 0000000049592E00 Response Header Content-Length: 138
[2017.10.21-06.15.42:457][ 27]LogHttp:Warning: 000000004F539900: request has been successfully processed. URL: http://cdn.unrealengine.com/surveys/en/index.json, HTTP code: 503, content length: 138, actual payload size: 138
[2017.10.21-06.15.42:458][ 27]LogHttp:Warning: 000000004F539900 Response Header Connection: close
[2017.10.21-06.15.42:458][ 27]LogHttp:Warning: 000000004F539900 Response Header Server: V2R2C00-IAE/1.0
[2017.10.21-06.15.42:458][ 27]LogHttp:Warning: 000000004F539900 Response Header Cache-Control: no-cache, no-store
[2017.10.21-06.15.42:458][ 27]LogHttp:Warning: 000000004F539900 Response Header Content-Type: text/html
[2017.10.21-06.15.42:458][ 27]LogHttp:Warning: 000000004F539900 Response Header Content-Length: 138
[2017.10.21-06.15.42:551][ 38]LogHttp:Warning: 000000002F045C00: request has been successfully processed. URL: http://cdn.unrealengine.com/surveys/index.json, HTTP code: 503, content length: 138, actual payload size: 138
[2017.10.21-06.15.42:551][ 38]LogHttp:Warning: 000000002F045C00 Response Header Connection: close
[2017.10.21-06.15.42:551][ 38]LogHttp:Warning: 000000002F045C00 Response Header Server: V2R2C00-IAE/1.0
[2017.10.21-06.15.42:551][ 38]LogHttp:Warning: 000000002F045C00 Response Header Cache-Control: no-cache, no-store
[2017.10.21-06.15.42:551][ 38]LogHttp:Warning: 000000002F045C00 Response Header Content-Type: text/html
[2017.10.21-06.15.42:551][ 38]LogHttp:Warning: 000000002F045C00 Response Header Content-Length: 138
[2017.10.21-06.15.52:611][229]LogSlate: Took 0.000131 seconds to synchronously load lazily loaded font '../../../Engine/Content/Slate/Fonts/Roboto-Light.ttf' (159K)
[2017.10.21-06.16.01:737][195]LogSlate: Only BGRA pngs, bmps or icos are supported in by External Image Picker
[2017.10.21-06.16.01:790][196]LogTemp:Display: Executing iPhonePackager certificates Engine -bundlename com.YourCompany.SimplePackage

[2017.10.21-06.16.01:790][196]LogTemp:Display: CWD: C:\Program Files\UE_4.15\Engine\Binaries\DotNET\IOS

[2017.10.21-06.16.01:790][196]LogTemp:Display: Initial Dir: C:\Program Files\UE_4.15

[2017.10.21-06.16.01:790][196]LogTemp:Display: Env CWD: C:\Program Files\UE_4.15\Engine\Binaries\DotNET\IOS

[2017.10.21-06.16.01:790][196]LogTemp:Display: BranchPath = USER-PC/C/Program Files/UE_4.15/Engine/Binaries --- GameBranchPath = USER-PC/C/Program Files/UE_4.15/Engine/Binaries

[2017.10.21-06.16.01:833][197]LogTemp:Display: IPP ERROR: Application exception: System.IO.DirectoryNotFoundException: δ???ҵ?·????C:\Users\User\AppData\Local\Apple Computer\MobileDevice\Provisioning Profiles????һ???֡?

[2017.10.21-06.16.01:833][197]LogTemp:Display:    ?? System.IO.__Error.WinIOError(Int32 errorCode, String maybeFullPath)

[2017.10.21-06.16.01:833][197]LogTemp:Display:    ?? System.IO.FileSystemEnumerableIterator`1.CommonInit()

[2017.10.21-06.16.01:833][197]LogTemp:Display:    ?? System.IO.FileSystemEnumerableIterator`1..ctor(String path, String originalUserPath, String searchPattern, SearchOption searchOption, SearchResultHandler`1 resultHandler, Boolean checkHost)

[2017.10.21-06.16.01:833][197]LogTemp:Display:    ?? System.IO.Directory.EnumerateFiles(String path, String searchPattern)

[2017.10.21-06.16.01:833][197]LogTemp:Display:    ?? iPhonePackager.CodeSignatureBuilder.FindProvisions(String CFBundleIdentifier)

[2017.10.21-06.16.01:833][197]LogTemp:Display:    ?? iPhonePackager.Program.Main(String[] args)

[2017.10.21-06.18.11:709][836]LogSlate: Took 0.000141 seconds to synchronously load lazily loaded font '../../../Engine/Content/Slate/Fonts/Roboto-Light.ttf' (159K)
[2017.10.21-06.18.12:095][836]LogContentBrowser: Native class hierarchy updated for 'BlueprintGraph' in 0.0007 seconds. Added 112 classes and 0 folders.
[2017.10.21-06.18.12:602][836]LogSlate: Took 0.000091 seconds to synchronously load lazily loaded font '../../../Engine/Content/Slate/Fonts/Roboto-Regular.ttf' (155K)
[2017.10.21-06.18.12:673][836]LogSlate: Took 0.000962 seconds to synchronously load lazily loaded font '../../../Engine/Content/Editor/Slate/Fonts/Roboto-BoldCondensed.ttf' (158K)
[2017.10.21-06.18.12:820][837]LogSlate: Took 0.003683 seconds to synchronously load lazily loaded font '../../../Engine/Content/Editor/Slate/Fonts/Roboto-Italic.ttf' (157K)
